<?xml version="1.0" encoding="UTF-8"?>
<!-- Generated by org.testng.reporters.JUnitXMLReporter -->
<testsuite ignored="0" hostname="narendras-air-2.lan" failures="0" tests="2" name="Default test" time="19.192" errors="0" timestamp="2021-06-13T12:39:12 PDT">
  <testcase classname="NgbEmailVerificationNew.NgbEmailVerificationTestcases" name="getLenderEmail" time="5.082"/>
  <testcase classname="NgbEmailVerificationNew.NgbEmailVerificationTestcases" name="clickOnApplyNowAndVerifyLenderEmail" time="6.464"/>
</testsuite> <!-- Default test -->
