<?xml version="1.0" encoding="UTF-8"?>
<testng-results ignored="0" total="0" passed="0" failed="0" skipped="0">
  <reporter-output>
    <line>
      <![CDATA[Url Launched]]>
    </line>
  </reporter-output>
  <suite started-at="2021-06-13T11:54:55 PDT" name="Default suite" finished-at="2021-06-13T11:55:06 PDT" duration-ms="11165">
    <groups>
    </groups>
    <test started-at="2021-06-13T11:54:55 PDT" name="Default test" finished-at="2021-06-13T11:55:06 PDT" duration-ms="11165">
      <class name="NgbEmailVerification.NgbEmailVerificationTestcases">
        <test-method is-config="true" signature="testSetUp()[pri:0, instance:NgbEmailVerification.NgbEmailVerificationTestcases@4f67eb2a]" started-at="2021-06-13T11:54:55 PDT" name="testSetUp" finished-at="2021-06-13T11:55:06 PDT" duration-ms="11129" status="PASS">
          <reporter-output>
            <line>
              <![CDATA[Url Launched]]>
            </line>
          </reporter-output>
        </test-method> <!-- testSetUp -->
      </class> <!-- NgbEmailVerification.NgbEmailVerificationTestcases -->
    </test> <!-- Default test -->
  </suite> <!-- Default suite -->
</testng-results>
